2020-05-08 06:11:25 INFO  main [mitsuba.cpp:275] Mitsuba version 0.6.0 (Linux, 64 bit), Copyright (c) 2017 Wenzel Jakob
2020-05-08 06:11:25 INFO  main [mitsuba.cpp:377] Parsing scene description from "/home/ysheng/Documents/adobe_shadow_net/evaluation/mts_shadow.xml" ..
2020-05-08 06:11:25 INFO  main [PluginManager] Loading plugin "plugins/shadow_integrator.so" ..
2020-05-08 06:11:25 INFO  main [PluginManager] Loading plugin "plugins/ldsampler.so" ..
2020-05-08 06:11:25 INFO  main [PluginManager] Loading plugin "plugins/gaussian.so" ..
2020-05-08 06:11:25 INFO  main [PluginManager] Loading plugin "plugins/hdrfilm.so" ..
2020-05-08 06:11:25 INFO  main [PluginManager] Loading plugin "plugins/perspective.so" ..
2020-05-08 06:11:25 INFO  main [PluginManager] Loading plugin "plugins/envmap.so" ..
2020-05-08 06:11:25 INFO  main [EnvironmentMap] Loading environment map "num_6_size_0.08_ibl.png"
2020-05-08 06:11:25 INFO  main [PluginManager] Loading plugin "plugins/lanczos.so" ..
2020-05-08 06:11:25 INFO  main [EnvironmentMap] Precomputing data structures for environment map sampling (2.2 KiB)
2020-05-08 06:11:25 INFO  main [EnvironmentMap] Done (took 0 ms)
2020-05-08 06:11:25 INFO  main [PluginManager] Loading plugin "plugins/diffuse.so" ..
2020-05-08 06:11:25 INFO  main [PluginManager] Loading plugin "plugins/twosided.so" ..
2020-05-08 06:11:25 INFO  main [PluginManager] Loading plugin "plugins/dielectric.so" ..
2020-05-08 06:11:25 INFO  main [PluginManager] Loading plugin "plugins/obj.so" ..
2020-05-08 06:11:25 INFO  main [WavefrontOBJ] Loading geometry from "ground.obj" ..
2020-05-08 06:11:25 INFO  main [WavefrontOBJ] pPlane1: 200 triangles, 121 vertices (merged 479 vertices).
2020-05-08 06:11:25 INFO  main [WavefrontOBJ] Loading OBJ materials from "ground.mtl" ..
2020-05-08 06:11:25 INFO  main [WavefrontOBJ] Done with "ground.obj" (took 1 ms)
2020-05-08 06:11:25 INFO  main [WavefrontOBJ] Loading geometry from "simulated_combine_female_short_outfits_audrey_blair_summertimefull_Base_Pose_Standing_A.obj" ..
2020-05-08 06:11:25 INFO  main [WavefrontOBJ] simulated_combine_female_short_outfits_audrey_blair_summertimefull_Base_Pose_Standing_A: 1088 triangles, 594 vertices (merged 2670 vertices).
2020-05-08 06:11:25 INFO  main [WavefrontOBJ] simulated_combine_female_short_outfits_audrey_blair_summertimefull_Base_Pose_Standing_A_1: 11408 triangles, 5860 vertices (merged 28364 vertices).
2020-05-08 06:11:25 INFO  main [WavefrontOBJ] simulated_combine_female_short_outfits_audrey_blair_summertimefull_Base_Pose_Standing_A_2: 224 triangles, 185 vertices (merged 487 vertices).
2020-05-08 06:11:25 INFO  main [WavefrontOBJ] simulated_combine_female_short_outfits_audrey_blair_summertimefull_Base_Pose_Standing_A_3: 88 triangles, 75 vertices (merged 189 vertices).
2020-05-08 06:11:25 INFO  main [WavefrontOBJ] simulated_combine_female_short_outfits_audrey_blair_summertimefull_Base_Pose_Standing_A_4: 16 triangles, 15 vertices (merged 33 vertices).
2020-05-08 06:11:25 INFO  main [WavefrontOBJ] simulated_combine_female_short_outfits_audrey_blair_summertimefull_Base_Pose_Standing_A_5: 24 triangles, 24 vertices (merged 48 vertices).
2020-05-08 06:11:25 INFO  main [WavefrontOBJ] simulated_combine_female_short_outfits_audrey_blair_summertimefull_Base_Pose_Standing_A_6: 16 triangles, 15 vertices (merged 33 vertices).
2020-05-08 06:11:25 INFO  main [WavefrontOBJ] simulated_combine_female_short_outfits_audrey_blair_summertimefull_Base_Pose_Standing_A_7: 8 triangles, 9 vertices (merged 15 vertices).
2020-05-08 06:11:25 INFO  main [WavefrontOBJ] simulated_combine_female_short_outfits_audrey_blair_summertimefull_Base_Pose_Standing_A_8: 8 triangles, 9 vertices (merged 15 vertices).
2020-05-08 06:11:25 INFO  main [WavefrontOBJ] simulated_combine_female_short_outfits_audrey_blair_summertimefull_Base_Pose_Standing_A_9: 8 triangles, 9 vertices (merged 15 vertices).
2020-05-08 06:11:25 INFO  main [WavefrontOBJ] simulated_combine_female_short_outfits_audrey_blair_summertimefull_Base_Pose_Standing_A_10: 8 triangles, 9 vertices (merged 15 vertices).
2020-05-08 06:11:25 INFO  main [WavefrontOBJ] simulated_combine_female_short_outfits_audrey_blair_summertimefull_Base_Pose_Standing_A_11: 8 triangles, 9 vertices (merged 15 vertices).
2020-05-08 06:11:25 INFO  main [WavefrontOBJ] simulated_combine_female_short_outfits_audrey_blair_summertimefull_Base_Pose_Standing_A_12: 632 triangles, 464 vertices (merged 1432 vertices).
2020-05-08 06:11:25 INFO  main [WavefrontOBJ] simulated_combine_female_short_outfits_audrey_blair_summertimefull_Base_Pose_Standing_A_13: 88 triangles, 75 vertices (merged 189 vertices).
2020-05-08 06:11:25 INFO  main [WavefrontOBJ] simulated_combine_female_short_outfits_audrey_blair_summertimefull_Base_Pose_Standing_A_14: 16 triangles, 15 vertices (merged 33 vertices).
2020-05-08 06:11:25 INFO  main [WavefrontOBJ] simulated_combine_female_short_outfits_audrey_blair_summertimefull_Base_Pose_Standing_A_15: 24 triangles, 24 vertices (merged 48 vertices).
2020-05-08 06:11:25 INFO  main [WavefrontOBJ] simulated_combine_female_short_outfits_audrey_blair_summertimefull_Base_Pose_Standing_A_16: 16 triangles, 15 vertices (merged 33 vertices).
2020-05-08 06:11:25 INFO  main [WavefrontOBJ] simulated_combine_female_short_outfits_audrey_blair_summertimefull_Base_Pose_Standing_A_17: 8 triangles, 9 vertices (merged 15 vertices).
2020-05-08 06:11:25 INFO  main [WavefrontOBJ] simulated_combine_female_short_outfits_audrey_blair_summertimefull_Base_Pose_Standing_A_18: 8 triangles, 9 vertices (merged 15 vertices).
2020-05-08 06:11:25 INFO  main [WavefrontOBJ] simulated_combine_female_short_outfits_audrey_blair_summertimefull_Base_Pose_Standing_A_19: 8 triangles, 9 vertices (merged 15 vertices).
2020-05-08 06:11:25 INFO  main [WavefrontOBJ] simulated_combine_female_short_outfits_audrey_blair_summertimefull_Base_Pose_Standing_A_20: 8 triangles, 9 vertices (merged 15 vertices).
2020-05-08 06:11:25 INFO  main [WavefrontOBJ] simulated_combine_female_short_outfits_audrey_blair_summertimefull_Base_Pose_Standing_A_21: 8 triangles, 9 vertices (merged 15 vertices).
2020-05-08 06:11:25 INFO  main [WavefrontOBJ] simulated_combine_female_short_outfits_audrey_blair_summertimefull_Base_Pose_Standing_A_22: 408 triangles, 283 vertices (merged 941 vertices).
2020-05-08 06:11:25 INFO  main [WavefrontOBJ] simulated_combine_female_short_outfits_audrey_blair_summertimefull_Base_Pose_Standing_A_23: 8640 triangles, 5036 vertices (merged 20884 vertices).
2020-05-08 06:11:25 INFO  main [WavefrontOBJ] simulated_combine_female_short_outfits_audrey_blair_summertimefull_Base_Pose_Standing_A_24: 8 triangles, 9 vertices (merged 15 vertices).
2020-05-08 06:11:25 INFO  main [WavefrontOBJ] simulated_combine_female_short_outfits_audrey_blair_summertimefull_Base_Pose_Standing_A_25: 8 triangles, 9 vertices (merged 15 vertices).
2020-05-08 06:11:25 INFO  main [WavefrontOBJ] simulated_combine_female_short_outfits_audrey_blair_summertimefull_Base_Pose_Standing_A_26: 24 triangles, 24 vertices (merged 48 vertices).
2020-05-08 06:11:25 INFO  main [WavefrontOBJ] simulated_combine_female_short_outfits_audrey_blair_summertimefull_Base_Pose_Standing_A_27: 192 triangles, 153 vertices (merged 423 vertices).
2020-05-08 06:11:25 INFO  main [WavefrontOBJ] simulated_combine_female_short_outfits_audrey_blair_summertimefull_Base_Pose_Standing_A_28: 24 triangles, 24 vertices (merged 48 vertices).
2020-05-08 06:11:25 INFO  main [WavefrontOBJ] simulated_combine_female_short_outfits_audrey_blair_summertimefull_Base_Pose_Standing_A_29: 32 triangles, 27 vertices (merged 69 vertices).
2020-05-08 06:11:25 INFO  main [WavefrontOBJ] simulated_combine_female_short_outfits_audrey_blair_summertimefull_Base_Pose_Standing_A_30: 408 triangles, 273 vertices (merged 951 vertices).
2020-05-08 06:11:25 INFO  main [WavefrontOBJ] simulated_combine_female_short_outfits_audrey_blair_summertimefull_Base_Pose_Standing_A_31: 8 triangles, 9 vertices (merged 15 vertices).
2020-05-08 06:11:25 INFO  main [WavefrontOBJ] simulated_combine_female_short_outfits_audrey_blair_summertimefull_Base_Pose_Standing_A_32: 8 triangles, 9 vertices (merged 15 vertices).
2020-05-08 06:11:25 INFO  main [WavefrontOBJ] simulated_combine_female_short_outfits_audrey_blair_summertimefull_Base_Pose_Standing_A_33: 8 triangles, 9 vertices (merged 15 vertices).
2020-05-08 06:11:25 INFO  main [WavefrontOBJ] simulated_combine_female_short_outfits_audrey_blair_summertimefull_Base_Pose_Standing_A_34: 424 triangles, 283 vertices (merged 989 vertices).
2020-05-08 06:11:25 INFO  main [WavefrontOBJ] simulated_combine_female_short_outfits_audrey_blair_summertimefull_Base_Pose_Standing_A_35: 24 triangles, 21 vertices (merged 51 vertices).
2020-05-08 06:11:25 INFO  main [WavefrontOBJ] simulated_combine_female_short_outfits_audrey_blair_summertimefull_Base_Pose_Standing_A_36: 328 triangles, 232 vertices (merged 752 vertices).
2020-05-08 06:11:25 INFO  main [WavefrontOBJ] simulated_combine_female_short_outfits_audrey_blair_summertimefull_Base_Pose_Standing_A_37: 8 triangles, 9 vertices (merged 15 vertices).
2020-05-08 06:11:25 INFO  main [WavefrontOBJ] simulated_combine_female_short_outfits_audrey_blair_summertimefull_Base_Pose_Standing_A_38: 32 triangles, 27 vertices (merged 69 vertices).
2020-05-08 06:11:25 INFO  main [WavefrontOBJ] simulated_combine_female_short_outfits_audrey_blair_summertimefull_Base_Pose_Standing_A_39: 376 triangles, 238 vertices (merged 890 vertices).
2020-05-08 06:11:25 INFO  main [WavefrontOBJ] simulated_combine_female_short_outfits_audrey_blair_summertimefull_Base_Pose_Standing_A_40: 8 triangles, 9 vertices (merged 15 vertices).
2020-05-08 06:11:25 INFO  main [WavefrontOBJ] simulated_combine_female_short_outfits_audrey_blair_summertimefull_Base_Pose_Standing_A_41: 8 triangles, 9 vertices (merged 15 vertices).
2020-05-08 06:11:25 INFO  main [WavefrontOBJ] simulated_combine_female_short_outfits_audrey_blair_summertimefull_Base_Pose_Standing_A_42: 24 triangles, 24 vertices (merged 48 vertices).
2020-05-08 06:11:25 INFO  main [WavefrontOBJ] simulated_combine_female_short_outfits_audrey_blair_summertimefull_Base_Pose_Standing_A_43: 192 triangles, 153 vertices (merged 423 vertices).
2020-05-08 06:11:25 INFO  main [WavefrontOBJ] simulated_combine_female_short_outfits_audrey_blair_summertimefull_Base_Pose_Standing_A_44: 24 triangles, 24 vertices (merged 48 vertices).
2020-05-08 06:11:25 INFO  main [WavefrontOBJ] simulated_combine_female_short_outfits_audrey_blair_summertimefull_Base_Pose_Standing_A_45: 32 triangles, 27 vertices (merged 69 vertices).
2020-05-08 06:11:25 INFO  main [WavefrontOBJ] simulated_combine_female_short_outfits_audrey_blair_summertimefull_Base_Pose_Standing_A_46: 408 triangles, 275 vertices (merged 949 vertices).
2020-05-08 06:11:25 INFO  main [WavefrontOBJ] simulated_combine_female_short_outfits_audrey_blair_summertimefull_Base_Pose_Standing_A_47: 8 triangles, 9 vertices (merged 15 vertices).
2020-05-08 06:11:25 INFO  main [WavefrontOBJ] simulated_combine_female_short_outfits_audrey_blair_summertimefull_Base_Pose_Standing_A_48: 8 triangles, 9 vertices (merged 15 vertices).
2020-05-08 06:11:25 INFO  main [WavefrontOBJ] simulated_combine_female_short_outfits_audrey_blair_summertimefull_Base_Pose_Standing_A_49: 8 triangles, 9 vertices (merged 15 vertices).
2020-05-08 06:11:25 INFO  main [WavefrontOBJ] simulated_combine_female_short_outfits_audrey_blair_summertimefull_Base_Pose_Standing_A_50: 424 triangles, 283 vertices (merged 989 vertices).
2020-05-08 06:11:25 INFO  main [WavefrontOBJ] simulated_combine_female_short_outfits_audrey_blair_summertimefull_Base_Pose_Standing_A_51: 24 triangles, 21 vertices (merged 51 vertices).
2020-05-08 06:11:25 INFO  main [WavefrontOBJ] simulated_combine_female_short_outfits_audrey_blair_summertimefull_Base_Pose_Standing_A_52: 328 triangles, 232 vertices (merged 752 vertices).
2020-05-08 06:11:25 INFO  main [WavefrontOBJ] simulated_combine_female_short_outfits_audrey_blair_summertimefull_Base_Pose_Standing_A_53: 8 triangles, 9 vertices (merged 15 vertices).
2020-05-08 06:11:25 INFO  main [WavefrontOBJ] simulated_combine_female_short_outfits_audrey_blair_summertimefull_Base_Pose_Standing_A_54: 32 triangles, 27 vertices (merged 69 vertices).
2020-05-08 06:11:25 INFO  main [WavefrontOBJ] simulated_combine_female_short_outfits_audrey_blair_summertimefull_Base_Pose_Standing_A_55: 376 triangles, 238 vertices (merged 890 vertices).
2020-05-08 06:11:25 INFO  main [WavefrontOBJ] simulated_combine_female_short_outfits_audrey_blair_summertimefull_Base_Pose_Standing_A_56: 4600 triangles, 2841 vertices (merged 10959 vertices).
2020-05-08 06:11:25 INFO  main [WavefrontOBJ] simulated_combine_female_short_outfits_audrey_blair_summertimefull_Base_Pose_Standing_A_57: 8 triangles, 9 vertices (merged 15 vertices).
2020-05-08 06:11:25 INFO  main [WavefrontOBJ] simulated_combine_female_short_outfits_audrey_blair_summertimefull_Base_Pose_Standing_A_58: 8 triangles, 9 vertices (merged 15 vertices).
2020-05-08 06:11:25 INFO  main [WavefrontOBJ] simulated_combine_female_short_outfits_audrey_blair_summertimefull_Base_Pose_Standing_A_59: 8 triangles, 9 vertices (merged 15 vertices).
2020-05-08 06:11:25 INFO  main [WavefrontOBJ] simulated_combine_female_short_outfits_audrey_blair_summertimefull_Base_Pose_Standing_A_60: 8 triangles, 9 vertices (merged 15 vertices).
2020-05-08 06:11:25 INFO  main [WavefrontOBJ] simulated_combine_female_short_outfits_audrey_blair_summertimefull_Base_Pose_Standing_A_61: 8 triangles, 9 vertices (merged 15 vertices).
2020-05-08 06:11:25 INFO  main [WavefrontOBJ] simulated_combine_female_short_outfits_audrey_blair_summertimefull_Base_Pose_Standing_A_62: 8 triangles, 9 vertices (merged 15 vertices).
2020-05-08 06:11:25 INFO  main [WavefrontOBJ] simulated_combine_female_short_outfits_audrey_blair_summertimefull_Base_Pose_Standing_A_63: 8 triangles, 9 vertices (merged 15 vertices).
2020-05-08 06:11:25 INFO  main [WavefrontOBJ] simulated_combine_female_short_outfits_audrey_blair_summertimefull_Base_Pose_Standing_A_64: 8 triangles, 9 vertices (merged 15 vertices).
2020-05-08 06:11:25 INFO  main [WavefrontOBJ] simulated_combine_female_short_outfits_audrey_blair_summertimefull_Base_Pose_Standing_A_65: 8 triangles, 9 vertices (merged 15 vertices).
2020-05-08 06:11:25 INFO  main [WavefrontOBJ] simulated_combine_female_short_outfits_audrey_blair_summertimefull_Base_Pose_Standing_A_66: 8 triangles, 9 vertices (merged 15 vertices).
2020-05-08 06:11:25 INFO  main [WavefrontOBJ] simulated_combine_female_short_outfits_audrey_blair_summertimefull_Base_Pose_Standing_A_67: 8 triangles, 9 vertices (merged 15 vertices).
2020-05-08 06:11:25 INFO  main [WavefrontOBJ] simulated_combine_female_short_outfits_audrey_blair_summertimefull_Base_Pose_Standing_A_68: 8 triangles, 9 vertices (merged 15 vertices).
2020-05-08 06:11:25 INFO  main [WavefrontOBJ] simulated_combine_female_short_outfits_audrey_blair_summertimefull_Base_Pose_Standing_A_69: 8 triangles, 9 vertices (merged 15 vertices).
2020-05-08 06:11:25 INFO  main [WavefrontOBJ] simulated_combine_female_short_outfits_audrey_blair_summertimefull_Base_Pose_Standing_A_70: 8 triangles, 9 vertices (merged 15 vertices).
2020-05-08 06:11:25 INFO  main [WavefrontOBJ] simulated_combine_female_short_outfits_audrey_blair_summertimefull_Base_Pose_Standing_A_71: 8 triangles, 9 vertices (merged 15 vertices).
2020-05-08 06:11:25 INFO  main [WavefrontOBJ] simulated_combine_female_short_outfits_audrey_blair_summertimefull_Base_Pose_Standing_A_72: 8 triangles, 9 vertices (merged 15 vertices).
2020-05-08 06:11:25 INFO  main [WavefrontOBJ] simulated_combine_female_short_outfits_audrey_blair_summertimefull_Base_Pose_Standing_A_73: 8 triangles, 9 vertices (merged 15 vertices).
2020-05-08 06:11:25 INFO  main [WavefrontOBJ] simulated_combine_female_short_outfits_audrey_blair_summertimefull_Base_Pose_Standing_A_74: 8 triangles, 9 vertices (merged 15 vertices).
2020-05-08 06:11:25 INFO  main [WavefrontOBJ] simulated_combine_female_short_outfits_audrey_blair_summertimefull_Base_Pose_Standing_A_75: 8 triangles, 9 vertices (merged 15 vertices).
2020-05-08 06:11:25 INFO  main [WavefrontOBJ] simulated_combine_female_short_outfits_audrey_blair_summertimefull_Base_Pose_Standing_A_76: 8 triangles, 9 vertices (merged 15 vertices).
2020-05-08 06:11:25 INFO  main [WavefrontOBJ] simulated_combine_female_short_outfits_audrey_blair_summertimefull_Base_Pose_Standing_A_77: 8 triangles, 9 vertices (merged 15 vertices).
2020-05-08 06:11:25 INFO  main [WavefrontOBJ] simulated_combine_female_short_outfits_audrey_blair_summertimefull_Base_Pose_Standing_A_78: 8 triangles, 9 vertices (merged 15 vertices).
2020-05-08 06:11:25 INFO  main [WavefrontOBJ] simulated_combine_female_short_outfits_audrey_blair_summertimefull_Base_Pose_Standing_A_79: 8 triangles, 9 vertices (merged 15 vertices).
2020-05-08 06:11:25 INFO  main [WavefrontOBJ] simulated_combine_female_short_outfits_audrey_blair_summertimefull_Base_Pose_Standing_A_80: 8 triangles, 9 vertices (merged 15 vertices).
2020-05-08 06:11:25 INFO  main [WavefrontOBJ] simulated_combine_female_short_outfits_audrey_blair_summertimefull_Base_Pose_Standing_A_81: 8 triangles, 9 vertices (merged 15 vertices).
2020-05-08 06:11:25 INFO  main [WavefrontOBJ] simulated_combine_female_short_outfits_audrey_blair_summertimefull_Base_Pose_Standing_A_82: 16 triangles, 18 vertices (merged 30 vertices).
2020-05-08 06:11:25 INFO  main [WavefrontOBJ] simulated_combine_female_short_outfits_audrey_blair_summertimefull_Base_Pose_Standing_A_83: 8 triangles, 9 vertices (merged 15 vertices).
2020-05-08 06:11:25 INFO  main [WavefrontOBJ] simulated_combine_female_short_outfits_audrey_blair_summertimefull_Base_Pose_Standing_A_84: 8 triangles, 9 vertices (merged 15 vertices).
2020-05-08 06:11:25 INFO  main [WavefrontOBJ] simulated_combine_female_short_outfits_audrey_blair_summertimefull_Base_Pose_Standing_A_85: 8 triangles, 9 vertices (merged 15 vertices).
2020-05-08 06:11:25 INFO  main [WavefrontOBJ] simulated_combine_female_short_outfits_audrey_blair_summertimefull_Base_Pose_Standing_A_86: 8 triangles, 9 vertices (merged 15 vertices).
2020-05-08 06:11:25 INFO  main [WavefrontOBJ] simulated_combine_female_short_outfits_audrey_blair_summertimefull_Base_Pose_Standing_A_87: 8 triangles, 9 vertices (merged 15 vertices).
2020-05-08 06:11:25 INFO  main [WavefrontOBJ] simulated_combine_female_short_outfits_audrey_blair_summertimefull_Base_Pose_Standing_A_88: 8 triangles, 9 vertices (merged 15 vertices).
2020-05-08 06:11:25 INFO  main [WavefrontOBJ] simulated_combine_female_short_outfits_audrey_blair_summertimefull_Base_Pose_Standing_A_89: 8 triangles, 9 vertices (merged 15 vertices).
2020-05-08 06:11:25 INFO  main [WavefrontOBJ] simulated_combine_female_short_outfits_audrey_blair_summertimefull_Base_Pose_Standing_A_90: 8 triangles, 9 vertices (merged 15 vertices).
2020-05-08 06:11:25 INFO  main [WavefrontOBJ] simulated_combine_female_short_outfits_audrey_blair_summertimefull_Base_Pose_Standing_A_91: 8 triangles, 9 vertices (merged 15 vertices).
2020-05-08 06:11:25 INFO  main [WavefrontOBJ] simulated_combine_female_short_outfits_audrey_blair_summertimefull_Base_Pose_Standing_A_92: 8 triangles, 9 vertices (merged 15 vertices).
2020-05-08 06:11:25 INFO  main [WavefrontOBJ] simulated_combine_female_short_outfits_audrey_blair_summertimefull_Base_Pose_Standing_A_93: 8 triangles, 9 vertices (merged 15 vertices).
2020-05-08 06:11:25 INFO  main [WavefrontOBJ] simulated_combine_female_short_outfits_audrey_blair_summertimefull_Base_Pose_Standing_A_94: 8 triangles, 9 vertices (merged 15 vertices).
2020-05-08 06:11:25 INFO  main [WavefrontOBJ] simulated_combine_female_short_outfits_audrey_blair_summertimefull_Base_Pose_Standing_A_95: 8 triangles, 9 vertices (merged 15 vertices).
2020-05-08 06:11:25 INFO  main [WavefrontOBJ] simulated_combine_female_short_outfits_audrey_blair_summertimefull_Base_Pose_Standing_A_96: 2112 triangles, 1376 vertices (merged 4960 vertices).
2020-05-08 06:11:25 INFO  main [WavefrontOBJ] simulated_combine_female_short_outfits_audrey_blair_summertimefull_Base_Pose_Standing_A_97: 8 triangles, 9 vertices (merged 15 vertices).
2020-05-08 06:11:25 INFO  main [WavefrontOBJ] simulated_combine_female_short_outfits_audrey_blair_summertimefull_Base_Pose_Standing_A_98: 40 triangles, 35 vertices (merged 85 vertices).
2020-05-08 06:11:25 INFO  main [WavefrontOBJ] simulated_combine_female_short_outfits_audrey_blair_summertimefull_Base_Pose_Standing_A_99: 16 triangles, 15 vertices (merged 33 vertices).
2020-05-08 06:11:25 INFO  main [WavefrontOBJ] simulated_combine_female_short_outfits_audrey_blair_summertimefull_Base_Pose_Standing_A_100: 16 triangles, 15 vertices (merged 33 vertices).
2020-05-08 06:11:25 INFO  main [WavefrontOBJ] simulated_combine_female_short_outfits_audrey_blair_summertimefull_Base_Pose_Standing_A_101: 8 triangles, 9 vertices (merged 15 vertices).
2020-05-08 06:11:25 INFO  main [WavefrontOBJ] simulated_combine_female_short_outfits_audrey_blair_summertimefull_Base_Pose_Standing_A_102: 568 triangles, 393 vertices (merged 1311 vertices).
2020-05-08 06:11:25 INFO  main [WavefrontOBJ] simulated_combine_female_short_outfits_audrey_blair_summertimefull_Base_Pose_Standing_A_103: 8 triangles, 9 vertices (merged 15 vertices).
2020-05-08 06:11:25 INFO  main [WavefrontOBJ] simulated_combine_female_short_outfits_audrey_blair_summertimefull_Base_Pose_Standing_A_104: 8 triangles, 9 vertices (merged 15 vertices).
2020-05-08 06:11:25 INFO  main [WavefrontOBJ] simulated_combine_female_short_outfits_audrey_blair_summertimefull_Base_Pose_Standing_A_105: 8 triangles, 9 vertices (merged 15 vertices).
2020-05-08 06:11:25 INFO  main [WavefrontOBJ] simulated_combine_female_short_outfits_audrey_blair_summertimefull_Base_Pose_Standing_A_106: 9224 triangles, 5787 vertices (merged 21885 vertices).
2020-05-08 06:11:25 INFO  main [WavefrontOBJ] simulated_combine_female_short_outfits_audrey_blair_summertimefull_Base_Pose_Standing_A_107: 8 triangles, 9 vertices (merged 15 vertices).
2020-05-08 06:11:25 INFO  main [WavefrontOBJ] simulated_combine_female_short_outfits_audrey_blair_summertimefull_Base_Pose_Standing_A_108: 8 triangles, 9 vertices (merged 15 vertices).
2020-05-08 06:11:25 INFO  main [WavefrontOBJ] simulated_combine_female_short_outfits_audrey_blair_summertimefull_Base_Pose_Standing_A_109: 8 triangles, 9 vertices (merged 15 vertices).
2020-05-08 06:11:25 INFO  main [WavefrontOBJ] simulated_combine_female_short_outfits_audrey_blair_summertimefull_Base_Pose_Standing_A_110: 8 triangles, 9 vertices (merged 15 vertices).
2020-05-08 06:11:25 INFO  main [WavefrontOBJ] simulated_combine_female_short_outfits_audrey_blair_summertimefull_Base_Pose_Standing_A_111: 8 triangles, 9 vertices (merged 15 vertices).
2020-05-08 06:11:25 INFO  main [WavefrontOBJ] simulated_combine_female_short_outfits_audrey_blair_summertimefull_Base_Pose_Standing_A_112: 8 triangles, 9 vertices (merged 15 vertices).
2020-05-08 06:11:25 INFO  main [WavefrontOBJ] simulated_combine_female_short_outfits_audrey_blair_summertimefull_Base_Pose_Standing_A_113: 8 triangles, 9 vertices (merged 15 vertices).
2020-05-08 06:11:25 INFO  main [WavefrontOBJ] simulated_combine_female_short_outfits_audrey_blair_summertimefull_Base_Pose_Standing_A_114: 8 triangles, 9 vertices (merged 15 vertices).
2020-05-08 06:11:25 INFO  main [WavefrontOBJ] simulated_combine_female_short_outfits_audrey_blair_summertimefull_Base_Pose_Standing_A_115: 8 triangles, 9 vertices (merged 15 vertices).
2020-05-08 06:11:25 INFO  main [WavefrontOBJ] simulated_combine_female_short_outfits_audrey_blair_summertimefull_Base_Pose_Standing_A_116: 8 triangles, 9 vertices (merged 15 vertices).
2020-05-08 06:11:25 INFO  main [WavefrontOBJ] simulated_combine_female_short_outfits_audrey_blair_summertimefull_Base_Pose_Standing_A_117: 8 triangles, 9 vertices (merged 15 vertices).
2020-05-08 06:11:25 INFO  main [WavefrontOBJ] simulated_combine_female_short_outfits_audrey_blair_summertimefull_Base_Pose_Standing_A_118: 8 triangles, 9 vertices (merged 15 vertices).
2020-05-08 06:11:25 INFO  main [WavefrontOBJ] simulated_combine_female_short_outfits_audrey_blair_summertimefull_Base_Pose_Standing_A_119: 8 triangles, 9 vertices (merged 15 vertices).
2020-05-08 06:11:25 INFO  main [WavefrontOBJ] simulated_combine_female_short_outfits_audrey_blair_summertimefull_Base_Pose_Standing_A_120: 8 triangles, 9 vertices (merged 15 vertices).
2020-05-08 06:11:25 INFO  main [WavefrontOBJ] simulated_combine_female_short_outfits_audrey_blair_summertimefull_Base_Pose_Standing_A_121: 8 triangles, 9 vertices (merged 15 vertices).
2020-05-08 06:11:25 INFO  main [WavefrontOBJ] simulated_combine_female_short_outfits_audrey_blair_summertimefull_Base_Pose_Standing_A_122: 8 triangles, 9 vertices (merged 15 vertices).
2020-05-08 06:11:25 INFO  main [WavefrontOBJ] simulated_combine_female_short_outfits_audrey_blair_summertimefull_Base_Pose_Standing_A_123: 8 triangles, 9 vertices (merged 15 vertices).
2020-05-08 06:11:25 INFO  main [WavefrontOBJ] simulated_combine_female_short_outfits_audrey_blair_summertimefull_Base_Pose_Standing_A_124: 8 triangles, 9 vertices (merged 15 vertices).
2020-05-08 06:11:25 INFO  main [WavefrontOBJ] simulated_combine_female_short_outfits_audrey_blair_summertimefull_Base_Pose_Standing_A_125: 8 triangles, 9 vertices (merged 15 vertices).
2020-05-08 06:11:25 INFO  main [WavefrontOBJ] simulated_combine_female_short_outfits_audrey_blair_summertimefull_Base_Pose_Standing_A_126: 8 triangles, 9 vertices (merged 15 vertices).
2020-05-08 06:11:25 INFO  main [WavefrontOBJ] simulated_combine_female_short_outfits_audrey_blair_summertimefull_Base_Pose_Standing_A_127: 8 triangles, 9 vertices (merged 15 vertices).
2020-05-08 06:11:25 INFO  main [WavefrontOBJ] simulated_combine_female_short_outfits_audrey_blair_summertimefull_Base_Pose_Standing_A_128: 8 triangles, 9 vertices (merged 15 vertices).
2020-05-08 06:11:25 INFO  main [WavefrontOBJ] simulated_combine_female_short_outfits_audrey_blair_summertimefull_Base_Pose_Standing_A_129: 8 triangles, 9 vertices (merged 15 vertices).
2020-05-08 06:11:25 INFO  main [WavefrontOBJ] simulated_combine_female_short_outfits_audrey_blair_summertimefull_Base_Pose_Standing_A_130: 8 triangles, 9 vertices (merged 15 vertices).
2020-05-08 06:11:25 INFO  main [WavefrontOBJ] simulated_combine_female_short_outfits_audrey_blair_summertimefull_Base_Pose_Standing_A_131: 8 triangles, 9 vertices (merged 15 vertices).
2020-05-08 06:11:25 INFO  main [WavefrontOBJ] simulated_combine_female_short_outfits_audrey_blair_summertimefull_Base_Pose_Standing_A_132: 16 triangles, 18 vertices (merged 30 vertices).
2020-05-08 06:11:25 INFO  main [WavefrontOBJ] simulated_combine_female_short_outfits_audrey_blair_summertimefull_Base_Pose_Standing_A_133: 8 triangles, 9 vertices (merged 15 vertices).
2020-05-08 06:11:25 INFO  main [WavefrontOBJ] simulated_combine_female_short_outfits_audrey_blair_summertimefull_Base_Pose_Standing_A_134: 8 triangles, 9 vertices (merged 15 vertices).
2020-05-08 06:11:25 INFO  main [WavefrontOBJ] simulated_combine_female_short_outfits_audrey_blair_summertimefull_Base_Pose_Standing_A_135: 8 triangles, 9 vertices (merged 15 vertices).
2020-05-08 06:11:25 INFO  main [WavefrontOBJ] simulated_combine_female_short_outfits_audrey_blair_summertimefull_Base_Pose_Standing_A_136: 8 triangles, 9 vertices (merged 15 vertices).
2020-05-08 06:11:25 INFO  main [WavefrontOBJ] simulated_combine_female_short_outfits_audrey_blair_summertimefull_Base_Pose_Standing_A_137: 8 triangles, 9 vertices (merged 15 vertices).
2020-05-08 06:11:25 INFO  main [WavefrontOBJ] simulated_combine_female_short_outfits_audrey_blair_summertimefull_Base_Pose_Standing_A_138: 8 triangles, 9 vertices (merged 15 vertices).
2020-05-08 06:11:25 INFO  main [WavefrontOBJ] simulated_combine_female_short_outfits_audrey_blair_summertimefull_Base_Pose_Standing_A_139: 8 triangles, 9 vertices (merged 15 vertices).
2020-05-08 06:11:25 INFO  main [WavefrontOBJ] simulated_combine_female_short_outfits_audrey_blair_summertimefull_Base_Pose_Standing_A_140: 8 triangles, 9 vertices (merged 15 vertices).
2020-05-08 06:11:25 INFO  main [WavefrontOBJ] simulated_combine_female_short_outfits_audrey_blair_summertimefull_Base_Pose_Standing_A_141: 8 triangles, 9 vertices (merged 15 vertices).
2020-05-08 06:11:25 INFO  main [WavefrontOBJ] simulated_combine_female_short_outfits_audrey_blair_summertimefull_Base_Pose_Standing_A_142: 8 triangles, 9 vertices (merged 15 vertices).
2020-05-08 06:11:25 INFO  main [WavefrontOBJ] simulated_combine_female_short_outfits_audrey_blair_summertimefull_Base_Pose_Standing_A_143: 8 triangles, 9 vertices (merged 15 vertices).
2020-05-08 06:11:25 INFO  main [WavefrontOBJ] simulated_combine_female_short_outfits_audrey_blair_summertimefull_Base_Pose_Standing_A_144: 8 triangles, 9 vertices (merged 15 vertices).
2020-05-08 06:11:25 INFO  main [WavefrontOBJ] simulated_combine_female_short_outfits_audrey_blair_summertimefull_Base_Pose_Standing_A_145: 8 triangles, 9 vertices (merged 15 vertices).
2020-05-08 06:11:25 INFO  main [WavefrontOBJ] simulated_combine_female_short_outfits_audrey_blair_summertimefull_Base_Pose_Standing_A_146: 2112 triangles, 1376 vertices (merged 4960 vertices).
2020-05-08 06:11:25 INFO  main [WavefrontOBJ] simulated_combine_female_short_outfits_audrey_blair_summertimefull_Base_Pose_Standing_A_147: 8 triangles, 9 vertices (merged 15 vertices).
2020-05-08 06:11:25 INFO  main [WavefrontOBJ] simulated_combine_female_short_outfits_audrey_blair_summertimefull_Base_Pose_Standing_A_148: 40 triangles, 35 vertices (merged 85 vertices).
2020-05-08 06:11:25 INFO  main [WavefrontOBJ] simulated_combine_female_short_outfits_audrey_blair_summertimefull_Base_Pose_Standing_A_149: 16 triangles, 15 vertices (merged 33 vertices).
2020-05-08 06:11:25 INFO  main [WavefrontOBJ] simulated_combine_female_short_outfits_audrey_blair_summertimefull_Base_Pose_Standing_A_150: 16 triangles, 15 vertices (merged 33 vertices).
2020-05-08 06:11:25 INFO  main [WavefrontOBJ] simulated_combine_female_short_outfits_audrey_blair_summertimefull_Base_Pose_Standing_A_151: 8 triangles, 9 vertices (merged 15 vertices).
2020-05-08 06:11:25 INFO  main [WavefrontOBJ] simulated_combine_female_short_outfits_audrey_blair_summertimefull_Base_Pose_Standing_A_152: 568 triangles, 393 vertices (merged 1311 vertices).
2020-05-08 06:11:25 INFO  main [WavefrontOBJ] simulated_combine_female_short_outfits_audrey_blair_summertimefull_Base_Pose_Standing_A_153: 8 triangles, 9 vertices (merged 15 vertices).
2020-05-08 06:11:25 INFO  main [WavefrontOBJ] simulated_combine_female_short_outfits_audrey_blair_summertimefull_Base_Pose_Standing_A_154: 8 triangles, 9 vertices (merged 15 vertices).
2020-05-08 06:11:25 INFO  main [WavefrontOBJ] simulated_combine_female_short_outfits_audrey_blair_summertimefull_Base_Pose_Standing_A_155: 8 triangles, 9 vertices (merged 15 vertices).
2020-05-08 06:11:25 INFO  main [WavefrontOBJ] simulated_combine_female_short_outfits_audrey_blair_summertimefull_Base_Pose_Standing_A_156: 4624 triangles, 2941 vertices (merged 10931 vertices).
2020-05-08 06:11:25 INFO  main [WavefrontOBJ] simulated_combine_female_short_outfits_audrey_blair_summertimefull_Base_Pose_Standing_A_157: 22544 triangles, 11708 vertices (merged 55924 vertices).
2020-05-08 06:11:25 INFO  main [WavefrontOBJ] simulated_combine_female_short_outfits_audrey_blair_summertimefull_Base_Pose_Standing_A_158: 80 triangles, 66 vertices (merged 174 vertices).
2020-05-08 06:11:25 INFO  main [WavefrontOBJ] simulated_combine_female_short_outfits_audrey_blair_summertimefull_Base_Pose_Standing_A_159: 264 triangles, 187 vertices (merged 605 vertices).
2020-05-08 06:11:25 INFO  main [WavefrontOBJ] simulated_combine_female_short_outfits_audrey_blair_summertimefull_Base_Pose_Standing_A_160: 16 triangles, 15 vertices (merged 33 vertices).
2020-05-08 06:11:25 INFO  main [WavefrontOBJ] simulated_combine_female_short_outfits_audrey_blair_summertimefull_Base_Pose_Standing_A_161: 8 triangles, 9 vertices (merged 15 vertices).
2020-05-08 06:11:25 INFO  main [WavefrontOBJ] simulated_combine_female_short_outfits_audrey_blair_summertimefull_Base_Pose_Standing_A_162: 8 triangles, 9 vertices (merged 15 vertices).
2020-05-08 06:11:25 INFO  main [WavefrontOBJ] simulated_combine_female_short_outfits_audrey_blair_summertimefull_Base_Pose_Standing_A_163: 16 triangles, 15 vertices (merged 33 vertices).
2020-05-08 06:11:25 INFO  main [WavefrontOBJ] simulated_combine_female_short_outfits_audrey_blair_summertimefull_Base_Pose_Standing_A_164: 8 triangles, 9 vertices (merged 15 vertices).
2020-05-08 06:11:25 INFO  main [WavefrontOBJ] simulated_combine_female_short_outfits_audrey_blair_summertimefull_Base_Pose_Standing_A_165: 8 triangles, 9 vertices (merged 15 vertices).
2020-05-08 06:11:25 INFO  main [WavefrontOBJ] simulated_combine_female_short_outfits_audrey_blair_summertimefull_Base_Pose_Standing_A_166: 8 triangles, 9 vertices (merged 15 vertices).
2020-05-08 06:11:25 INFO  main [WavefrontOBJ] simulated_combine_female_short_outfits_audrey_blair_summertimefull_Base_Pose_Standing_A_167: 56 triangles, 51 vertices (merged 117 vertices).
2020-05-08 06:11:25 INFO  main [WavefrontOBJ] simulated_combine_female_short_outfits_audrey_blair_summertimefull_Base_Pose_Standing_A_168: 56 triangles, 45 vertices (merged 123 vertices).
2020-05-08 06:11:25 INFO  main [WavefrontOBJ] simulated_combine_female_short_outfits_audrey_blair_summertimefull_Base_Pose_Standing_A_169: 16 triangles, 15 vertices (merged 33 vertices).
2020-05-08 06:11:25 INFO  main [WavefrontOBJ] simulated_combine_female_short_outfits_audrey_blair_summertimefull_Base_Pose_Standing_A_170: 80 triangles, 64 vertices (merged 176 vertices).
2020-05-08 06:11:25 INFO  main [WavefrontOBJ] simulated_combine_female_short_outfits_audrey_blair_summertimefull_Base_Pose_Standing_A_171: 8 triangles, 9 vertices (merged 15 vertices).
2020-05-08 06:11:25 INFO  main [WavefrontOBJ] simulated_combine_female_short_outfits_audrey_blair_summertimefull_Base_Pose_Standing_A_172: 8 triangles, 9 vertices (merged 15 vertices).
2020-05-08 06:11:25 INFO  main [WavefrontOBJ] simulated_combine_female_short_outfits_audrey_blair_summertimefull_Base_Pose_Standing_A_173: 8 triangles, 9 vertices (merged 15 vertices).
2020-05-08 06:11:25 INFO  main [WavefrontOBJ] simulated_combine_female_short_outfits_audrey_blair_summertimefull_Base_Pose_Standing_A_174: 144 triangles, 107 vertices (merged 325 vertices).
2020-05-08 06:11:25 INFO  main [WavefrontOBJ] simulated_combine_female_short_outfits_audrey_blair_summertimefull_Base_Pose_Standing_A_175: 16 triangles, 15 vertices (merged 33 vertices).
2020-05-08 06:11:25 INFO  main [WavefrontOBJ] simulated_combine_female_short_outfits_audrey_blair_summertimefull_Base_Pose_Standing_A_176: 16 triangles, 15 vertices (merged 33 vertices).
2020-05-08 06:11:25 INFO  main [WavefrontOBJ] simulated_combine_female_short_outfits_audrey_blair_summertimefull_Base_Pose_Standing_A_177: 16 triangles, 15 vertices (merged 33 vertices).
2020-05-08 06:11:25 INFO  main [WavefrontOBJ] simulated_combine_female_short_outfits_audrey_blair_summertimefull_Base_Pose_Standing_A_178: 104 triangles, 91 vertices (merged 221 vertices).
2020-05-08 06:11:25 INFO  main [WavefrontOBJ] simulated_combine_female_short_outfits_audrey_blair_summertimefull_Base_Pose_Standing_A_179: 264 triangles, 189 vertices (merged 603 vertices).
2020-05-08 06:11:25 INFO  main [WavefrontOBJ] simulated_combine_female_short_outfits_audrey_blair_summertimefull_Base_Pose_Standing_A_180: 16 triangles, 15 vertices (merged 33 vertices).
2020-05-08 06:11:25 INFO  main [WavefrontOBJ] simulated_combine_female_short_outfits_audrey_blair_summertimefull_Base_Pose_Standing_A_181: 8 triangles, 9 vertices (merged 15 vertices).
2020-05-08 06:11:25 INFO  main [WavefrontOBJ] simulated_combine_female_short_outfits_audrey_blair_summertimefull_Base_Pose_Standing_A_182: 8 triangles, 9 vertices (merged 15 vertices).
2020-05-08 06:11:25 INFO  main [WavefrontOBJ] simulated_combine_female_short_outfits_audrey_blair_summertimefull_Base_Pose_Standing_A_183: 16 triangles, 15 vertices (merged 33 vertices).
2020-05-08 06:11:25 INFO  main [WavefrontOBJ] simulated_combine_female_short_outfits_audrey_blair_summertimefull_Base_Pose_Standing_A_184: 8 triangles, 9 vertices (merged 15 vertices).
2020-05-08 06:11:25 INFO  main [WavefrontOBJ] simulated_combine_female_short_outfits_audrey_blair_summertimefull_Base_Pose_Standing_A_185: 8 triangles, 9 vertices (merged 15 vertices).
2020-05-08 06:11:25 INFO  main [WavefrontOBJ] simulated_combine_female_short_outfits_audrey_blair_summertimefull_Base_Pose_Standing_A_186: 8 triangles, 9 vertices (merged 15 vertices).
2020-05-08 06:11:25 INFO  main [WavefrontOBJ] simulated_combine_female_short_outfits_audrey_blair_summertimefull_Base_Pose_Standing_A_187: 56 triangles, 51 vertices (merged 117 vertices).
2020-05-08 06:11:25 INFO  main [WavefrontOBJ] simulated_combine_female_short_outfits_audrey_blair_summertimefull_Base_Pose_Standing_A_188: 56 triangles, 45 vertices (merged 123 vertices).
2020-05-08 06:11:25 INFO  main [WavefrontOBJ] simulated_combine_female_short_outfits_audrey_blair_summertimefull_Base_Pose_Standing_A_189: 16 triangles, 15 vertices (merged 33 vertices).
2020-05-08 06:11:25 INFO  main [WavefrontOBJ] simulated_combine_female_short_outfits_audrey_blair_summertimefull_Base_Pose_Standing_A_190: 80 triangles, 64 vertices (merged 176 vertices).
2020-05-08 06:11:25 INFO  main [WavefrontOBJ] simulated_combine_female_short_outfits_audrey_blair_summertimefull_Base_Pose_Standing_A_191: 8 triangles, 9 vertices (merged 15 vertices).
2020-05-08 06:11:25 INFO  main [WavefrontOBJ] simulated_combine_female_short_outfits_audrey_blair_summertimefull_Base_Pose_Standing_A_192: 8 triangles, 9 vertices (merged 15 vertices).
2020-05-08 06:11:25 INFO  main [WavefrontOBJ] simulated_combine_female_short_outfits_audrey_blair_summertimefull_Base_Pose_Standing_A_193: 8 triangles, 9 vertices (merged 15 vertices).
2020-05-08 06:11:25 INFO  main [WavefrontOBJ] simulated_combine_female_short_outfits_audrey_blair_summertimefull_Base_Pose_Standing_A_194: 144 triangles, 108 vertices (merged 324 vertices).
2020-05-08 06:11:25 INFO  main [WavefrontOBJ] simulated_combine_female_short_outfits_audrey_blair_summertimefull_Base_Pose_Standing_A_195: 16 triangles, 15 vertices (merged 33 vertices).
2020-05-08 06:11:25 INFO  main [WavefrontOBJ] simulated_combine_female_short_outfits_audrey_blair_summertimefull_Base_Pose_Standing_A_196: 16 triangles, 15 vertices (merged 33 vertices).
2020-05-08 06:11:25 INFO  main [WavefrontOBJ] simulated_combine_female_short_outfits_audrey_blair_summertimefull_Base_Pose_Standing_A_197: 16 triangles, 15 vertices (merged 33 vertices).
2020-05-08 06:11:25 INFO  main [WavefrontOBJ] simulated_combine_female_short_outfits_audrey_blair_summertimefull_Base_Pose_Standing_A_198: 24 triangles, 25 vertices (merged 47 vertices).
2020-05-08 06:11:25 INFO  main [WavefrontOBJ] simulated_combine_female_short_outfits_audrey_blair_summertimefull_Base_Pose_Standing_A_199: 7824 triangles, 4150 vertices (merged 19322 vertices).
2020-05-08 06:11:25 INFO  main [WavefrontOBJ] simulated_combine_female_short_outfits_audrey_blair_summertimefull_Base_Pose_Standing_A_200: 3360 triangles, 2088 vertices (merged 7992 vertices).
2020-05-08 06:11:25 INFO  main [WavefrontOBJ] simulated_combine_female_short_outfits_audrey_blair_summertimefull_Base_Pose_Standing_A_201: 16 triangles, 18 vertices (merged 30 vertices).
2020-05-08 06:11:25 INFO  main [WavefrontOBJ] simulated_combine_female_short_outfits_audrey_blair_summertimefull_Base_Pose_Standing_A_202: 528 triangles, 357 vertices (merged 1227 vertices).
2020-05-08 06:11:25 INFO  main [WavefrontOBJ] simulated_combine_female_short_outfits_audrey_blair_summertimefull_Base_Pose_Standing_A_203: 8 triangles, 9 vertices (merged 15 vertices).
2020-05-08 06:11:25 INFO  main [WavefrontOBJ] simulated_combine_female_short_outfits_audrey_blair_summertimefull_Base_Pose_Standing_A_204: 72 triangles, 53 vertices (merged 163 vertices).
2020-05-08 06:11:25 INFO  main [WavefrontOBJ] simulated_combine_female_short_outfits_audrey_blair_summertimefull_Base_Pose_Standing_A_205: 8 triangles, 9 vertices (merged 15 vertices).
2020-05-08 06:11:25 INFO  main [WavefrontOBJ] simulated_combine_female_short_outfits_audrey_blair_summertimefull_Base_Pose_Standing_A_206: 16 triangles, 15 vertices (merged 33 vertices).
2020-05-08 06:11:25 INFO  main [WavefrontOBJ] simulated_combine_female_short_outfits_audrey_blair_summertimefull_Base_Pose_Standing_A_207: 8 triangles, 9 vertices (merged 15 vertices).
2020-05-08 06:11:25 INFO  main [WavefrontOBJ] simulated_combine_female_short_outfits_audrey_blair_summertimefull_Base_Pose_Standing_A_208: 16 triangles, 15 vertices (merged 33 vertices).
2020-05-08 06:11:25 INFO  main [WavefrontOBJ] simulated_combine_female_short_outfits_audrey_blair_summertimefull_Base_Pose_Standing_A_209: 8 triangles, 9 vertices (merged 15 vertices).
2020-05-08 06:11:25 INFO  main [WavefrontOBJ] simulated_combine_female_short_outfits_audrey_blair_summertimefull_Base_Pose_Standing_A_210: 32 triangles, 25 vertices (merged 71 vertices).
2020-05-08 06:11:25 INFO  main [WavefrontOBJ] simulated_combine_female_short_outfits_audrey_blair_summertimefull_Base_Pose_Standing_A_211: 16 triangles, 15 vertices (merged 33 vertices).
2020-05-08 06:11:25 INFO  main [WavefrontOBJ] simulated_combine_female_short_outfits_audrey_blair_summertimefull_Base_Pose_Standing_A_212: 24 triangles, 21 vertices (merged 51 vertices).
2020-05-08 06:11:25 INFO  main [WavefrontOBJ] simulated_combine_female_short_outfits_audrey_blair_summertimefull_Base_Pose_Standing_A_213: 16 triangles, 15 vertices (merged 33 vertices).
2020-05-08 06:11:25 INFO  main [WavefrontOBJ] simulated_combine_female_short_outfits_audrey_blair_summertimefull_Base_Pose_Standing_A_214: 128 triangles, 103 vertices (merged 281 vertices).
2020-05-08 06:11:25 INFO  main [WavefrontOBJ] simulated_combine_female_short_outfits_audrey_blair_summertimefull_Base_Pose_Standing_A_215: 8 triangles, 9 vertices (merged 15 vertices).
2020-05-08 06:11:25 INFO  main [WavefrontOBJ] simulated_combine_female_short_outfits_audrey_blair_summertimefull_Base_Pose_Standing_A_216: 3880 triangles, 2148 vertices (merged 9492 vertices).
2020-05-08 06:11:25 INFO  main [WavefrontOBJ] simulated_combine_female_short_outfits_audrey_blair_summertimefull_Base_Pose_Standing_A_217: 40 triangles, 33 vertices (merged 87 vertices).
2020-05-08 06:11:25 INFO  main [WavefrontOBJ] simulated_combine_female_short_outfits_audrey_blair_summertimefull_Base_Pose_Standing_A_218: 1656 triangles, 1060 vertices (merged 3908 vertices).
2020-05-08 06:11:25 INFO  main [WavefrontOBJ] simulated_combine_female_short_outfits_audrey_blair_summertimefull_Base_Pose_Standing_A_219: 120 triangles, 96 vertices (merged 264 vertices).
2020-05-08 06:11:25 INFO  main [WavefrontOBJ] simulated_combine_female_short_outfits_audrey_blair_summertimefull_Base_Pose_Standing_A_220: 56 triangles, 44 vertices (merged 124 vertices).
2020-05-08 06:11:25 INFO  main [WavefrontOBJ] simulated_combine_female_short_outfits_audrey_blair_summertimefull_Base_Pose_Standing_A_221: 8 triangles, 9 vertices (merged 15 vertices).
2020-05-08 06:11:25 INFO  main [WavefrontOBJ] simulated_combine_female_short_outfits_audrey_blair_summertimefull_Base_Pose_Standing_A_222: 7440 triangles, 4730 vertices (merged 17590 vertices).
2020-05-08 06:11:25 INFO  main [WavefrontOBJ] simulated_combine_female_short_outfits_audrey_blair_summertimefull_Base_Pose_Standing_A_223: 16 triangles, 18 vertices (merged 30 vertices).
2020-05-08 06:11:25 INFO  main [WavefrontOBJ] simulated_combine_female_short_outfits_audrey_blair_summertimefull_Base_Pose_Standing_A_224: 528 triangles, 357 vertices (merged 1227 vertices).
2020-05-08 06:11:25 INFO  main [WavefrontOBJ] simulated_combine_female_short_outfits_audrey_blair_summertimefull_Base_Pose_Standing_A_225: 8 triangles, 9 vertices (merged 15 vertices).
2020-05-08 06:11:25 INFO  main [WavefrontOBJ] simulated_combine_female_short_outfits_audrey_blair_summertimefull_Base_Pose_Standing_A_226: 72 triangles, 53 vertices (merged 163 vertices).
2020-05-08 06:11:25 INFO  main [WavefrontOBJ] simulated_combine_female_short_outfits_audrey_blair_summertimefull_Base_Pose_Standing_A_227: 8 triangles, 9 vertices (merged 15 vertices).
2020-05-08 06:11:25 INFO  main [WavefrontOBJ] simulated_combine_female_short_outfits_audrey_blair_summertimefull_Base_Pose_Standing_A_228: 16 triangles, 15 vertices (merged 33 vertices).
2020-05-08 06:11:25 INFO  main [WavefrontOBJ] simulated_combine_female_short_outfits_audrey_blair_summertimefull_Base_Pose_Standing_A_229: 8 triangles, 9 vertices (merged 15 vertices).
2020-05-08 06:11:25 INFO  main [WavefrontOBJ] simulated_combine_female_short_outfits_audrey_blair_summertimefull_Base_Pose_Standing_A_230: 16 triangles, 15 vertices (merged 33 vertices).
2020-05-08 06:11:25 INFO  main [WavefrontOBJ] simulated_combine_female_short_outfits_audrey_blair_summertimefull_Base_Pose_Standing_A_231: 8 triangles, 9 vertices (merged 15 vertices).
2020-05-08 06:11:25 INFO  main [WavefrontOBJ] simulated_combine_female_short_outfits_audrey_blair_summertimefull_Base_Pose_Standing_A_232: 32 triangles, 25 vertices (merged 71 vertices).
2020-05-08 06:11:25 INFO  main [WavefrontOBJ] simulated_combine_female_short_outfits_audrey_blair_summertimefull_Base_Pose_Standing_A_233: 16 triangles, 15 vertices (merged 33 vertices).
2020-05-08 06:11:25 INFO  main [WavefrontOBJ] simulated_combine_female_short_outfits_audrey_blair_summertimefull_Base_Pose_Standing_A_234: 24 triangles, 21 vertices (merged 51 vertices).
2020-05-08 06:11:25 INFO  main [WavefrontOBJ] simulated_combine_female_short_outfits_audrey_blair_summertimefull_Base_Pose_Standing_A_235: 16 triangles, 15 vertices (merged 33 vertices).
2020-05-08 06:11:25 INFO  main [WavefrontOBJ] simulated_combine_female_short_outfits_audrey_blair_summertimefull_Base_Pose_Standing_A_236: 128 triangles, 103 vertices (merged 281 vertices).
2020-05-08 06:11:25 INFO  main [WavefrontOBJ] simulated_combine_female_short_outfits_audrey_blair_summertimefull_Base_Pose_Standing_A_237: 8 triangles, 9 vertices (merged 15 vertices).
2020-05-08 06:11:25 INFO  main [WavefrontOBJ] simulated_combine_female_short_outfits_audrey_blair_summertimefull_Base_Pose_Standing_A_238: 3880 triangles, 2151 vertices (merged 9489 vertices).
2020-05-08 06:11:25 INFO  main [WavefrontOBJ] simulated_combine_female_short_outfits_audrey_blair_summertimefull_Base_Pose_Standing_A_239: 40 triangles, 33 vertices (merged 87 vertices).
2020-05-08 06:11:25 INFO  main [WavefrontOBJ] simulated_combine_female_short_outfits_audrey_blair_summertimefull_Base_Pose_Standing_A_240: 1656 triangles, 1062 vertices (merged 3906 vertices).
2020-05-08 06:11:25 INFO  main [WavefrontOBJ] simulated_combine_female_short_outfits_audrey_blair_summertimefull_Base_Pose_Standing_A_241: 120 triangles, 96 vertices (merged 264 vertices).
2020-05-08 06:11:25 INFO  main [WavefrontOBJ] simulated_combine_female_short_outfits_audrey_blair_summertimefull_Base_Pose_Standing_A_242: 56 triangles, 43 vertices (merged 125 vertices).
2020-05-08 06:11:25 INFO  main [WavefrontOBJ] simulated_combine_female_short_outfits_audrey_blair_summertimefull_Base_Pose_Standing_A_243: 8 triangles, 9 vertices (merged 15 vertices).
2020-05-08 06:11:25 INFO  main [WavefrontOBJ] simulated_combine_female_short_outfits_audrey_blair_summertimefull_Base_Pose_Standing_A_244: 4080 triangles, 2643 vertices (merged 9597 vertices).
2020-05-08 06:11:25 INFO  main [WavefrontOBJ] simulated_combine_female_short_outfits_audrey_blair_summertimefull_Base_Pose_Standing_A_245: 256 triangles, 162 vertices (merged 606 vertices).
2020-05-08 06:11:25 INFO  main [WavefrontOBJ] simulated_combine_female_short_outfits_audrey_blair_summertimefull_Base_Pose_Standing_A_246: 2656 triangles, 1610 vertices (merged 6358 vertices).
2020-05-08 06:11:25 INFO  main [WavefrontOBJ] simulated_combine_female_short_outfits_audrey_blair_summertimefull_Base_Pose_Standing_A_247: 1536 triangles, 832 vertices (merged 3776 vertices).
2020-05-08 06:11:25 INFO  main [WavefrontOBJ] simulated_combine_female_short_outfits_audrey_blair_summertimefull_Base_Pose_Standing_A_248: 4480 triangles, 2470 vertices (merged 10970 vertices).
2020-05-08 06:11:25 INFO  main [WavefrontOBJ] simulated_combine_female_short_outfits_audrey_blair_summertimefull_Base_Pose_Standing_A_249: 512 triangles, 290 vertices (merged 1246 vertices).
2020-05-08 06:11:25 INFO  main [WavefrontOBJ] simulated_combine_female_short_outfits_audrey_blair_summertimefull_Base_Pose_Standing_A_250: 520 triangles, 326 vertices (merged 1234 vertices).
2020-05-08 06:11:25 INFO  main [WavefrontOBJ] simulated_combine_female_short_outfits_audrey_blair_summertimefull_Base_Pose_Standing_A_251: 16 triangles, 18 vertices (merged 30 vertices).
2020-05-08 06:11:25 INFO  main [WavefrontOBJ] simulated_combine_female_short_outfits_audrey_blair_summertimefull_Base_Pose_Standing_A_252: 16 triangles, 18 vertices (merged 30 vertices).
2020-05-08 06:11:25 INFO  main [WavefrontOBJ] simulated_combine_female_short_outfits_audrey_blair_summertimefull_Base_Pose_Standing_A_253: 16 triangles, 18 vertices (merged 30 vertices).
2020-05-08 06:11:25 INFO  main [WavefrontOBJ] simulated_combine_female_short_outfits_audrey_blair_summertimefull_Base_Pose_Standing_A_254: 16 triangles, 18 vertices (merged 30 vertices).
2020-05-08 06:11:25 INFO  main [WavefrontOBJ] simulated_combine_female_short_outfits_audrey_blair_summertimefull_Base_Pose_Standing_A_255: 16 triangles, 18 vertices (merged 30 vertices).
2020-05-08 06:11:25 INFO  main [WavefrontOBJ] simulated_combine_female_short_outfits_audrey_blair_summertimefull_Base_Pose_Standing_A_256: 16 triangles, 18 vertices (merged 30 vertices).
2020-05-08 06:11:25 INFO  main [WavefrontOBJ] simulated_combine_female_short_outfits_audrey_blair_summertimefull_Base_Pose_Standing_A_257: 16 triangles, 18 vertices (merged 30 vertices).
2020-05-08 06:11:25 INFO  main [WavefrontOBJ] simulated_combine_female_short_outfits_audrey_blair_summertimefull_Base_Pose_Standing_A_258: 16 triangles, 18 vertices (merged 30 vertices).
2020-05-08 06:11:25 INFO  main [WavefrontOBJ] simulated_combine_female_short_outfits_audrey_blair_summertimefull_Base_Pose_Standing_A_259: 16 triangles, 18 vertices (merged 30 vertices).
2020-05-08 06:11:25 INFO  main [WavefrontOBJ] simulated_combine_female_short_outfits_audrey_blair_summertimefull_Base_Pose_Standing_A_260: 16 triangles, 18 vertices (merged 30 vertices).
2020-05-08 06:11:25 INFO  main [WavefrontOBJ] simulated_combine_female_short_outfits_audrey_blair_summertimefull_Base_Pose_Standing_A_261: 16 triangles, 18 vertices (merged 30 vertices).
2020-05-08 06:11:25 INFO  main [WavefrontOBJ] simulated_combine_female_short_outfits_audrey_blair_summertimefull_Base_Pose_Standing_A_262: 16 triangles, 18 vertices (merged 30 vertices).
2020-05-08 06:11:25 INFO  main [WavefrontOBJ] simulated_combine_female_short_outfits_audrey_blair_summertimefull_Base_Pose_Standing_A_263: 16 triangles, 18 vertices (merged 30 vertices).
2020-05-08 06:11:25 INFO  main [WavefrontOBJ] simulated_combine_female_short_outfits_audrey_blair_summertimefull_Base_Pose_Standing_A_264: 16 triangles, 18 vertices (merged 30 vertices).
2020-05-08 06:11:25 INFO  main [WavefrontOBJ] simulated_combine_female_short_outfits_audrey_blair_summertimefull_Base_Pose_Standing_A_265: 16 triangles, 18 vertices (merged 30 vertices).
2020-05-08 06:11:25 INFO  main [WavefrontOBJ] simulated_combine_female_short_outfits_audrey_blair_summertimefull_Base_Pose_Standing_A_266: 16 triangles, 18 vertices (merged 30 vertices).
2020-05-08 06:11:25 INFO  main [WavefrontOBJ] simulated_combine_female_short_outfits_audrey_blair_summertimefull_Base_Pose_Standing_A_267: 16 triangles, 18 vertices (merged 30 vertices).
2020-05-08 06:11:25 INFO  main [WavefrontOBJ] simulated_combine_female_short_outfits_audrey_blair_summertimefull_Base_Pose_Standing_A_268: 16 triangles, 18 vertices (merged 30 vertices).
2020-05-08 06:11:25 INFO  main [WavefrontOBJ] simulated_combine_female_short_outfits_audrey_blair_summertimefull_Base_Pose_Standing_A_269: 16 triangles, 18 vertices (merged 30 vertices).
2020-05-08 06:11:25 INFO  main [WavefrontOBJ] simulated_combine_female_short_outfits_audrey_blair_summertimefull_Base_Pose_Standing_A_270: 16 triangles, 18 vertices (merged 30 vertices).
2020-05-08 06:11:25 INFO  main [WavefrontOBJ] simulated_combine_female_short_outfits_audrey_blair_summertimefull_Base_Pose_Standing_A_271: 16 triangles, 18 vertices (merged 30 vertices).
2020-05-08 06:11:25 INFO  main [WavefrontOBJ] simulated_combine_female_short_outfits_audrey_blair_summertimefull_Base_Pose_Standing_A_272: 16 triangles, 18 vertices (merged 30 vertices).
2020-05-08 06:11:25 INFO  main [WavefrontOBJ] simulated_combine_female_short_outfits_audrey_blair_summertimefull_Base_Pose_Standing_A_273: 16 triangles, 18 vertices (merged 30 vertices).
2020-05-08 06:11:25 INFO  main [WavefrontOBJ] simulated_combine_female_short_outfits_audrey_blair_summertimefull_Base_Pose_Standing_A_274: 16 triangles, 18 vertices (merged 30 vertices).
2020-05-08 06:11:25 INFO  main [WavefrontOBJ] simulated_combine_female_short_outfits_audrey_blair_summertimefull_Base_Pose_Standing_A_275: 16 triangles, 18 vertices (merged 30 vertices).
2020-05-08 06:11:25 INFO  main [WavefrontOBJ] simulated_combine_female_short_outfits_audrey_blair_summertimefull_Base_Pose_Standing_A_276: 16 triangles, 18 vertices (merged 30 vertices).
2020-05-08 06:11:25 INFO  main [WavefrontOBJ] simulated_combine_female_short_outfits_audrey_blair_summertimefull_Base_Pose_Standing_A_277: 16 triangles, 18 vertices (merged 30 vertices).
2020-05-08 06:11:25 INFO  main [WavefrontOBJ] simulated_combine_female_short_outfits_audrey_blair_summertimefull_Base_Pose_Standing_A_278: 16 triangles, 18 vertices (merged 30 vertices).
2020-05-08 06:11:25 INFO  main [WavefrontOBJ] simulated_combine_female_short_outfits_audrey_blair_summertimefull_Base_Pose_Standing_A_279: 8 triangles, 9 vertices (merged 15 vertices).
2020-05-08 06:11:25 INFO  main [WavefrontOBJ] simulated_combine_female_short_outfits_audrey_blair_summertimefull_Base_Pose_Standing_A_280: 8 triangles, 9 vertices (merged 15 vertices).
2020-05-08 06:11:25 INFO  main [WavefrontOBJ] simulated_combine_female_short_outfits_audrey_blair_summertimefull_Base_Pose_Standing_A_281: 16 triangles, 18 vertices (merged 30 vertices).
2020-05-08 06:11:25 INFO  main [WavefrontOBJ] simulated_combine_female_short_outfits_audrey_blair_summertimefull_Base_Pose_Standing_A_282: 8 triangles, 9 vertices (merged 15 vertices).
2020-05-08 06:11:25 INFO  main [WavefrontOBJ] simulated_combine_female_short_outfits_audrey_blair_summertimefull_Base_Pose_Standing_A_283: 8 triangles, 9 vertices (merged 15 vertices).
2020-05-08 06:11:25 INFO  main [WavefrontOBJ] simulated_combine_female_short_outfits_audrey_blair_summertimefull_Base_Pose_Standing_A_284: 8 triangles, 9 vertices (merged 15 vertices).
2020-05-08 06:11:25 INFO  main [WavefrontOBJ] simulated_combine_female_short_outfits_audrey_blair_summertimefull_Base_Pose_Standing_A_285: 3392 triangles, 2130 vertices (merged 8046 vertices).
2020-05-08 06:11:25 INFO  main [WavefrontOBJ] simulated_combine_female_short_outfits_audrey_blair_summertimefull_Base_Pose_Standing_A_286: 1792 triangles, 960 vertices (merged 4416 vertices).
2020-05-08 06:11:25 INFO  main [WavefrontOBJ] simulated_combine_female_short_outfits_audrey_blair_summertimefull_Base_Pose_Standing_A_287: 3344 triangles, 1882 vertices (merged 8150 vertices).
2020-05-08 06:11:25 INFO  main [WavefrontOBJ] simulated_combine_female_short_outfits_audrey_blair_summertimefull_Base_Pose_Standing_A_288: 96 triangles, 65 vertices (merged 223 vertices).
2020-05-08 06:11:25 INFO  main [WavefrontOBJ] simulated_combine_female_short_outfits_audrey_blair_summertimefull_Base_Pose_Standing_A_289: 96 triangles, 65 vertices (merged 223 vertices).
2020-05-08 06:11:25 INFO  main [WavefrontOBJ] simulated_combine_female_short_outfits_audrey_blair_summertimefull_Base_Pose_Standing_A_290: 96 triangles, 65 vertices (merged 223 vertices).
2020-05-08 06:11:25 INFO  main [WavefrontOBJ] simulated_combine_female_short_outfits_audrey_blair_summertimefull_Base_Pose_Standing_A_291: 96 triangles, 65 vertices (merged 223 vertices).
2020-05-08 06:11:25 INFO  main [WavefrontOBJ] simulated_combine_female_short_outfits_audrey_blair_summertimefull_Base_Pose_Standing_A_292: 2016 triangles, 1216 vertices (merged 4832 vertices).
